#
# There is insufficient memory for the Java Runtime Environment to continue.
# Native memory allocation (malloc) failed to allocate 32744 bytes for Chunk::new
# Possible reasons:
#   The system is out of physical RAM or swap space
#   The process is running with CompressedOops enabled, and the Java Heap may be blocking the growth of the native heap
# Possible solutions:
#   Reduce memory load on the system
#   Increase physical memory or swap space
#   Check if swap backing store is full
#   Decrease Java heap size (-Xmx/-Xms)
#   Decrease number of Java threads
#   Decrease Java thread stack sizes (-Xss)
#   Set larger code cache with -XX:ReservedCodeCacheSize=
#   JVM is running with Unscaled Compressed Oops mode in which the Java heap is
#     placed in the first 4GB address space. The Java Heap base address is the
#     maximum limit for the native heap growth. Please use -XX:HeapBaseMinAddress
#     to set the Java Heap base and to place the Java Heap above 4GB virtual address.
# This output file may be truncated or incomplete.
#
#  Out of Memory Error (arena.cpp:168), pid=4088, tid=13416
#
# JRE version: Java(TM) SE Runtime Environment (21.0.2+13) (build 21.0.2+13-LTS-58)
# Java VM: Java HotSpot(TM) 64-Bit Server VM (21.0.2+13-LTS-58, mixed mode, emulated-client, sharing, tiered, compressed oops, compressed class ptrs, g1 gc, windows-amd64)
# No core dump will be written. Minidumps are not enabled by default on client versions of Windows
#

---------------  S U M M A R Y ------------

Command Line: -XX:TieredStopAtLevel=1 -Dspring.output.ansi.enabled=always -Dcom.sun.management.jmxremote -Dspring.jmx.enabled=true -Dspring.liveBeansView.mbeanDomain -Dspring.application.admin.enabled=true -Dmanagement.endpoints.jmx.exposure.include=* -javaagent:C:\Users\Israel\Downloads\ideaIU-2023.2.win\lib\idea_rt.jar=50439:C:\Users\Israel\Downloads\ideaIU-2023.2.win\bin -Dfile.encoding=UTF-8 -Dsun.stdout.encoding=UTF-8 -Dsun.stderr.encoding=UTF-8 com.example.ConnectingFrontEnd.ConnectingFrontEnd.main

Host: Intel(R) Core(TM) i5-6300U CPU @ 2.40GHz, 4 cores, 7G,  Windows 10 , 64 bit Build 19041 (10.0.19041.3570)
Time: Tue Mar  5 15:54:29 2024 W. Central Africa Standard Time elapsed time: 11.573280 seconds (0d 0h 0m 11s)

---------------  T H R E A D  ---------------

Current thread (0x00000150bde8ac40):  JavaThread "C1 CompilerThread0" daemon [_thread_in_native, id=13416, stack(0x0000002d96f00000,0x0000002d97000000) (1024K)]


Current CompileTask:
C1:  11573 1355       1       java.lang.String::<init> (10 bytes)

Stack: [0x0000002d96f00000,0x0000002d97000000]
Native frames: (J=compiled Java code, j=interpreted, Vv=VM code, C=native code)
V  [jvm.dll+0x6cade9]
V  [jvm.dll+0x8569c1]
V  [jvm.dll+0x858d2e]
V  [jvm.dll+0x859413]
V  [jvm.dll+0x280e56]
V  [jvm.dll+0xc3f3d]
V  [jvm.dll+0xc4473]
V  [jvm.dll+0x13f0de]
V  [jvm.dll+0x19b12e]
V  [jvm.dll+0x154953]
V  [jvm.dll+0x154208]
V  [jvm.dll+0x154444]
V  [jvm.dll+0x153886]
V  [jvm.dll+0x1555ed]
V  [jvm.dll+0x258859]
V  [jvm.dll+0x256e3a]
V  [jvm.dll+0x3ef6c6]
V  [jvm.dll+0x7ff568]
V  [jvm.dll+0x6c953d]
C  [ucrtbase.dll+0x21bb2]
C  [KERNEL32.DLL+0x17344]
C  [ntdll.dll+0x526b1]


---------------  P R O C E S S  ---------------

Threads class SMR info:
_java_thread_list=0x00000150841a9270, length=14, elements={
0x00000150abe47bf0, 0x00000150bde82410, 0x00000150bde82d40, 0x00000150bde83e80,
0x00000150bde858e0, 0x00000150bde85f50, 0x00000150bde8a5d0, 0x00000150bde8ac40,
0x00000150ff0cca80, 0x00000150ff3a73c0, 0x00000150ff3a7a30, 0x000001508402fc20,
0x00000150840dc820, 0x00000150ff158390
}

Java Threads: ( => current thread )
  0x00000150abe47bf0 JavaThread "main"                              [_thread_in_vm, id=12364, stack(0x0000002d96100000,0x0000002d96200000) (1024K)]
  0x00000150bde82410 JavaThread "Reference Handler"          daemon [_thread_blocked, id=11304, stack(0x0000002d96900000,0x0000002d96a00000) (1024K)]
  0x00000150bde82d40 JavaThread "Finalizer"                  daemon [_thread_blocked, id=14140, stack(0x0000002d96a00000,0x0000002d96b00000) (1024K)]
  0x00000150bde83e80 JavaThread "Signal Dispatcher"          daemon [_thread_blocked, id=9788, stack(0x0000002d96b00000,0x0000002d96c00000) (1024K)]
  0x00000150bde858e0 JavaThread "Attach Listener"            daemon [_thread_blocked, id=12892, stack(0x0000002d96c00000,0x0000002d96d00000) (1024K)]
  0x00000150bde85f50 JavaThread "Service Thread"             daemon [_thread_blocked, id=13016, stack(0x0000002d96d00000,0x0000002d96e00000) (1024K)]
  0x00000150bde8a5d0 JavaThread "Monitor Deflation Thread"   daemon [_thread_blocked, id=4516, stack(0x0000002d96e00000,0x0000002d96f00000) (1024K)]
=>0x00000150bde8ac40 JavaThread "C1 CompilerThread0"         daemon [_thread_in_native, id=13416, stack(0x0000002d96f00000,0x0000002d97000000) (1024K)]
  0x00000150ff0cca80 JavaThread "Common-Cleaner"             daemon [_thread_blocked, id=5732, stack(0x0000002d97000000,0x0000002d97100000) (1024K)]
  0x00000150ff3a73c0 JavaThread "Monitor Ctrl-Break"         daemon [_thread_in_native, id=6392, stack(0x0000002d97100000,0x0000002d97200000) (1024K)]
  0x00000150ff3a7a30 JavaThread "Notification Thread"        daemon [_thread_blocked, id=12556, stack(0x0000002d97200000,0x0000002d97300000) (1024K)]
  0x000001508402fc20 JavaThread "C1 CompilerThread1"         daemon [_thread_blocked, id=14216, stack(0x0000002d97300000,0x0000002d97400000) (1024K)]
  0x00000150840dc820 JavaThread "C1 CompilerThread2"         daemon [_thread_in_native, id=6120, stack(0x0000002d97400000,0x0000002d97500000) (1024K)]
  0x00000150ff158390 JavaThread "RMI TCP Accept-0"           daemon [_thread_in_native, id=9440, stack(0x0000002d97800000,0x0000002d97900000) (1024K)]
Total: 14

Other Threads:
  0x00000150bde5be70 VMThread "VM Thread"                           [id=10916, stack(0x0000002d96800000,0x0000002d96900000) (1024K)]
  0x00000150bde4b610 WatcherThread "VM Periodic Task Thread"        [id=6868, stack(0x0000002d96700000,0x0000002d96800000) (1024K)]
  0x00000150abfedc00 WorkerThread "GC Thread#0"                     [id=8852, stack(0x0000002d96200000,0x0000002d96300000) (1024K)]
  0x000001508410e810 WorkerThread "GC Thread#1"                     [id=12876, stack(0x0000002d97500000,0x0000002d97600000) (1024K)]
  0x0000015084183100 WorkerThread "GC Thread#2"                     [id=13376, stack(0x0000002d97600000,0x0000002d97700000) (1024K)]
  0x00000150841c1b20 WorkerThread "GC Thread#3"                     [id=8176, stack(0x0000002d97700000,0x0000002d97800000) (1024K)]
  0x00000150abf0df10 ConcurrentGCThread "G1 Main Marker"            [id=12564, stack(0x0000002d96300000,0x0000002d96400000) (1024K)]
  0x00000150abffac40 WorkerThread "G1 Conc#0"                       [id=4408, stack(0x0000002d96400000,0x0000002d96500000) (1024K)]
  0x00000150ac05e810 ConcurrentGCThread "G1 Refine#0"               [id=13504, stack(0x0000002d96500000,0x0000002d96600000) (1024K)]
  0x00000150bdd0a190 ConcurrentGCThread "G1 Service"                [id=2648, stack(0x0000002d96600000,0x0000002d96700000) (1024K)]
Total: 10

Threads with active compile tasks:
C1 CompilerThread0    11664 1355       1       java.lang.String::<init> (10 bytes)
C1 CompilerThread2    11664 1348       1       java.net.URLStreamHandler::parseURL (1124 bytes)
Total: 2

VM state: not at safepoint (normal execution)

VM Mutex/Monitor currently owned by a thread: None

Heap address: 0x0000000081a00000, size: 2022 MB, Compressed Oops mode: 32-bit

CDS archive(s) mapped at: [0x00000150be000000-0x00000150bec90000-0x00000150bec90000), size 13172736, SharedBaseAddress: 0x00000150be000000, ArchiveRelocationMode: 1.
Compressed class space mapped at: 0x00000150bf000000-0x00000150ff000000, reserved size: 1073741824
Narrow klass base: 0x00000150be000000, Narrow klass shift: 0, Narrow klass range: 0x100000000

GC Precious Log:
 CardTable entry size: 512
 Card Set container configuration: InlinePtr #cards 5 size 8 Array Of Cards #cards 12 size 40 Howl #buckets 4 coarsen threshold 1843 Howl Bitmap #cards 512 size 80 coarsen threshold 460 Card regions per heap region 1 cards per card region 2048
 CPUs: 4 total, 4 available
 Memory: 8083M
 Large Page Support: Disabled
 NUMA Support: Disabled
 Compressed Oops: Enabled (32-bit)
 Heap Region Size: 1M
 Heap Min Capacity: 8M
 Heap Initial Capacity: 128M
 Heap Max Capacity: 2022M
 Pre-touch: Disabled
 Parallel Workers: 4
 Concurrent Workers: 1
 Concurrent Refinement Workers: 4
 Periodic GC: Disabled

Heap:
 garbage-first heap   total 131072K, used 8490K [0x0000000081a00000, 0x0000000100000000)
  region size 1024K, 8 young (8192K), 2 survivors (2048K)
 Metaspace       used 6956K, committed 7168K, reserved 1114112K
  class space    used 822K, committed 896K, reserved 1048576K

Heap Regions: E=young(eden), S=young(survivor), O=old, HS=humongous(starts), HC=humongous(continues), CS=collection set, F=free, TAMS=top-at-mark-start, PB=parsable bottom
|   0|0x0000000081a00000, 0x0000000081b00000, 0x0000000081b00000|100%| O|  |TAMS 0x0000000081a00000| PB 0x0000000081a00000| Untracked 
|   1|0x0000000081b00000, 0x0000000081c00000, 0x0000000081c00000|100%| O|  |TAMS 0x0000000081b00000| PB 0x0000000081b00000| Untracked 
|   2|0x0000000081c00000, 0x0000000081c4aa60, 0x0000000081d00000| 29%| O|  |TAMS 0x0000000081c00000| PB 0x0000000081c00000| Untracked 
|   3|0x0000000081d00000, 0x0000000081d00000, 0x0000000081e00000|  0%| F|  |TAMS 0x0000000081d00000| PB 0x0000000081d00000| Untracked 
|   4|0x0000000081e00000, 0x0000000081e00000, 0x0000000081f00000|  0%| F|  |TAMS 0x0000000081e00000| PB 0x0000000081e00000| Untracked 
|   5|0x0000000081f00000, 0x0000000081f00000, 0x0000000082000000|  0%| F|  |TAMS 0x0000000081f00000| PB 0x0000000081f00000| Untracked 
|   6|0x0000000082000000, 0x0000000082000000, 0x0000000082100000|  0%| F|  |TAMS 0x0000000082000000| PB 0x0000000082000000| Untracked 
|   7|0x0000000082100000, 0x0000000082100000, 0x0000000082200000|  0%| F|  |TAMS 0x0000000082100000| PB 0x0000000082100000| Untracked 
|   8|0x0000000082200000, 0x0000000082200000, 0x0000000082300000|  0%| F|  |TAMS 0x0000000082200000| PB 0x0000000082200000| Untracked 
|   9|0x0000000082300000, 0x0000000082300000, 0x0000000082400000|  0%| F|  |TAMS 0x0000000082300000| PB 0x0000000082300000| Untracked 
|  10|0x0000000082400000, 0x0000000082400000, 0x0000000082500000|  0%| F|  |TAMS 0x0000000082400000| PB 0x0000000082400000| Untracked 
|  11|0x0000000082500000, 0x0000000082500000, 0x0000000082600000|  0%| F|  |TAMS 0x0000000082500000| PB 0x0000000082500000| Untracked 
|  12|0x0000000082600000, 0x0000000082600000, 0x0000000082700000|  0%| F|  |TAMS 0x0000000082600000| PB 0x0000000082600000| Untracked 
|  13|0x0000000082700000, 0x0000000082700000, 0x0000000082800000|  0%| F|  |TAMS 0x0000000082700000| PB 0x0000000082700000| Untracked 
|  14|0x0000000082800000, 0x0000000082800000, 0x0000000082900000|  0%| F|  |TAMS 0x0000000082800000| PB 0x0000000082800000| Untracked 
|  15|0x0000000082900000, 0x0000000082900000, 0x0000000082a00000|  0%| F|  |TAMS 0x0000000082900000| PB 0x0000000082900000| Untracked 
|  16|0x0000000082a00000, 0x0000000082a00000, 0x0000000082b00000|  0%| F|  |TAMS 0x0000000082a00000| PB 0x0000000082a00000| Untracked 
|  17|0x0000000082b00000, 0x0000000082b00000, 0x0000000082c00000|  0%| F|  |TAMS 0x0000000082b00000| PB 0x0000000082b00000| Untracked 
|  18|0x0000000082c00000, 0x0000000082c00000, 0x0000000082d00000|  0%| F|  |TAMS 0x0000000082c00000| PB 0x0000000082c00000| Untracked 
|  19|0x0000000082d00000, 0x0000000082d00000, 0x0000000082e00000|  0%| F|  |TAMS 0x0000000082d00000| PB 0x0000000082d00000| Untracked 
|  20|0x0000000082e00000, 0x0000000082e00000, 0x0000000082f00000|  0%| F|  |TAMS 0x0000000082e00000| PB 0x0000000082e00000| Untracked 
|  21|0x0000000082f00000, 0x0000000082f00000, 0x0000000083000000|  0%| F|  |TAMS 0x0000000082f00000| PB 0x0000000082f00000| Untracked 
|  22|0x0000000083000000, 0x0000000083000000, 0x0000000083100000|  0%| F|  |TAMS 0x0000000083000000| PB 0x0000000083000000| Untracked 
|  23|0x0000000083100000, 0x0000000083100000, 0x0000000083200000|  0%| F|  |TAMS 0x0000000083100000| PB 0x0000000083100000| Untracked 
|  24|0x0000000083200000, 0x0000000083200000, 0x0000000083300000|  0%| F|  |TAMS 0x0000000083200000| PB 0x0000000083200000| Untracked 
|  25|0x0000000083300000, 0x0000000083300000, 0x0000000083400000|  0%| F|  |TAMS 0x0000000083300000| PB 0x0000000083300000| Untracked 
|  26|0x0000000083400000, 0x0000000083400000, 0x0000000083500000|  0%| F|  |TAMS 0x0000000083400000| PB 0x0000000083400000| Untracked 
|  27|0x0000000083500000, 0x0000000083500000, 0x0000000083600000|  0%| F|  |TAMS 0x0000000083500000| PB 0x0000000083500000| Untracked 
|  28|0x0000000083600000, 0x0000000083600000, 0x0000000083700000|  0%| F|  |TAMS 0x0000000083600000| PB 0x0000000083600000| Untracked 
|  29|0x0000000083700000, 0x0000000083700000, 0x0000000083800000|  0%| F|  |TAMS 0x0000000083700000| PB 0x0000000083700000| Untracked 
|  30|0x0000000083800000, 0x0000000083800000, 0x0000000083900000|  0%| F|  |TAMS 0x0000000083800000| PB 0x0000000083800000| Untracked 
|  31|0x0000000083900000, 0x0000000083900000, 0x0000000083a00000|  0%| F|  |TAMS 0x0000000083900000| PB 0x0000000083900000| Untracked 
|  32|0x0000000083a00000, 0x0000000083a00000, 0x0000000083b00000|  0%| F|  |TAMS 0x0000000083a00000| PB 0x0000000083a00000| Untracked 
|  33|0x0000000083b00000, 0x0000000083b00000, 0x0000000083c00000|  0%| F|  |TAMS 0x0000000083b00000| PB 0x0000000083b00000| Untracked 
|  34|0x0000000083c00000, 0x0000000083c00000, 0x0000000083d00000|  0%| F|  |TAMS 0x0000000083c00000| PB 0x0000000083c00000| Untracked 
|  35|0x0000000083d00000, 0x0000000083d00000, 0x0000000083e00000|  0%| F|  |TAMS 0x0000000083d00000| PB 0x0000000083d00000| Untracked 
|  36|0x0000000083e00000, 0x0000000083e00000, 0x0000000083f00000|  0%| F|  |TAMS 0x0000000083e00000| PB 0x0000000083e00000| Untracked 
|  37|0x0000000083f00000, 0x0000000083f00000, 0x0000000084000000|  0%| F|  |TAMS 0x0000000083f00000| PB 0x0000000083f00000| Untracked 
|  38|0x0000000084000000, 0x0000000084000000, 0x0000000084100000|  0%| F|  |TAMS 0x0000000084000000| PB 0x0000000084000000| Untracked 
|  39|0x0000000084100000, 0x0000000084100000, 0x0000000084200000|  0%| F|  |TAMS 0x0000000084100000| PB 0x0000000084100000| Untracked 
|  40|0x0000000084200000, 0x0000000084200000, 0x0000000084300000|  0%| F|  |TAMS 0x0000000084200000| PB 0x0000000084200000| Untracked 
|  41|0x0000000084300000, 0x0000000084300000, 0x0000000084400000|  0%| F|  |TAMS 0x0000000084300000| PB 0x0000000084300000| Untracked 
|  42|0x0000000084400000, 0x0000000084400000, 0x0000000084500000|  0%| F|  |TAMS 0x0000000084400000| PB 0x0000000084400000| Untracked 
|  43|0x0000000084500000, 0x0000000084500000, 0x0000000084600000|  0%| F|  |TAMS 0x0000000084500000| PB 0x0000000084500000| Untracked 
|  44|0x0000000084600000, 0x0000000084600000, 0x0000000084700000|  0%| F|  |TAMS 0x0000000084600000| PB 0x0000000084600000| Untracked 
|  45|0x0000000084700000, 0x0000000084700000, 0x0000000084800000|  0%| F|  |TAMS 0x0000000084700000| PB 0x0000000084700000| Untracked 
|  46|0x0000000084800000, 0x0000000084800000, 0x0000000084900000|  0%| F|  |TAMS 0x0000000084800000| PB 0x0000000084800000| Untracked 
|  47|0x0000000084900000, 0x0000000084900000, 0x0000000084a00000|  0%| F|  |TAMS 0x0000000084900000| PB 0x0000000084900000| Untracked 
|  48|0x0000000084a00000, 0x0000000084a00000, 0x0000000084b00000|  0%| F|  |TAMS 0x0000000084a00000| PB 0x0000000084a00000| Untracked 
|  49|0x0000000084b00000, 0x0000000084b00000, 0x0000000084c00000|  0%| F|  |TAMS 0x0000000084b00000| PB 0x0000000084b00000| Untracked 
|  50|0x0000000084c00000, 0x0000000084c00000, 0x0000000084d00000|  0%| F|  |TAMS 0x0000000084c00000| PB 0x0000000084c00000| Untracked 
|  51|0x0000000084d00000, 0x0000000084d00000, 0x0000000084e00000|  0%| F|  |TAMS 0x0000000084d00000| PB 0x0000000084d00000| Untracked 
|  52|0x0000000084e00000, 0x0000000084e00000, 0x0000000084f00000|  0%| F|  |TAMS 0x0000000084e00000| PB 0x0000000084e00000| Untracked 
|  53|0x0000000084f00000, 0x0000000084f00000, 0x0000000085000000|  0%| F|  |TAMS 0x0000000084f00000| PB 0x0000000084f00000| Untracked 
|  54|0x0000000085000000, 0x0000000085000000, 0x0000000085100000|  0%| F|  |TAMS 0x0000000085000000| PB 0x0000000085000000| Untracked 
|  55|0x0000000085100000, 0x0000000085100000, 0x0000000085200000|  0%| F|  |TAMS 0x0000000085100000| PB 0x0000000085100000| Untracked 
|  56|0x0000000085200000, 0x0000000085200000, 0x0000000085300000|  0%| F|  |TAMS 0x0000000085200000| PB 0x0000000085200000| Untracked 
|  57|0x0000000085300000, 0x0000000085300000, 0x0000000085400000|  0%| F|  |TAMS 0x0000000085300000| PB 0x0000000085300000| Untracked 
|  58|0x0000000085400000, 0x0000000085400000, 0x0000000085500000|  0%| F|  |TAMS 0x0000000085400000| PB 0x0000000085400000| Untracked 
|  59|0x0000000085500000, 0x0000000085500000, 0x0000000085600000|  0%| F|  |TAMS 0x0000000085500000| PB 0x0000000085500000| Untracked 
|  60|0x0000000085600000, 0x0000000085600000, 0x0000000085700000|  0%| F|  |TAMS 0x0000000085600000| PB 0x0000000085600000| Untracked 
|  61|0x0000000085700000, 0x0000000085700000, 0x0000000085800000|  0%| F|  |TAMS 0x0000000085700000| PB 0x0000000085700000| Untracked 
|  62|0x0000000085800000, 0x0000000085800000, 0x0000000085900000|  0%| F|  |TAMS 0x0000000085800000| PB 0x0000000085800000| Untracked 
|  63|0x0000000085900000, 0x0000000085900000, 0x0000000085a00000|  0%| F|  |TAMS 0x0000000085900000| PB 0x0000000085900000| Untracked 
|  64|0x0000000085a00000, 0x0000000085a00000, 0x0000000085b00000|  0%| F|  |TAMS 0x0000000085a00000| PB 0x0000000085a00000| Untracked 
|  65|0x0000000085b00000, 0x0000000085b00000, 0x0000000085c00000|  0%| F|  |TAMS 0x0000000085b00000| PB 0x0000000085b00000| Untracked 
|  66|0x0000000085c00000, 0x0000000085c00000, 0x0000000085d00000|  0%| F|  |TAMS 0x0000000085c00000| PB 0x0000000085c00000| Untracked 
|  67|0x0000000085d00000, 0x0000000085d00000, 0x0000000085e00000|  0%| F|  |TAMS 0x0000000085d00000| PB 0x0000000085d00000| Untracked 
|  68|0x0000000085e00000, 0x0000000085e00000, 0x0000000085f00000|  0%| F|  |TAMS 0x0000000085e00000| PB 0x0000000085e00000| Untracked 
|  69|0x0000000085f00000, 0x0000000085f00000, 0x0000000086000000|  0%| F|  |TAMS 0x0000000085f00000| PB 0x0000000085f00000| Untracked 
|  70|0x0000000086000000, 0x0000000086000000, 0x0000000086100000|  0%| F|  |TAMS 0x0000000086000000| PB 0x0000000086000000| Untracked 
|  71|0x0000000086100000, 0x0000000086100000, 0x0000000086200000|  0%| F|  |TAMS 0x0000000086100000| PB 0x0000000086100000| Untracked 
|  72|0x0000000086200000, 0x0000000086200000, 0x0000000086300000|  0%| F|  |TAMS 0x0000000086200000| PB 0x0000000086200000| Untracked 
|  73|0x0000000086300000, 0x0000000086300000, 0x0000000086400000|  0%| F|  |TAMS 0x0000000086300000| PB 0x0000000086300000| Untracked 
|  74|0x0000000086400000, 0x0000000086400000, 0x0000000086500000|  0%| F|  |TAMS 0x0000000086400000| PB 0x0000000086400000| Untracked 
|  75|0x0000000086500000, 0x0000000086500000, 0x0000000086600000|  0%| F|  |TAMS 0x0000000086500000| PB 0x0000000086500000| Untracked 
|  76|0x0000000086600000, 0x0000000086600000, 0x0000000086700000|  0%| F|  |TAMS 0x0000000086600000| PB 0x0000000086600000| Untracked 
|  77|0x0000000086700000, 0x0000000086700000, 0x0000000086800000|  0%| F|  |TAMS 0x0000000086700000| PB 0x0000000086700000| Untracked 
|  78|0x0000000086800000, 0x0000000086800000, 0x0000000086900000|  0%| F|  |TAMS 0x0000000086800000| PB 0x0000000086800000| Untracked 
|  79|0x0000000086900000, 0x0000000086900000, 0x0000000086a00000|  0%| F|  |TAMS 0x0000000086900000| PB 0x0000000086900000| Untracked 
|  80|0x0000000086a00000, 0x0000000086a00000, 0x0000000086b00000|  0%| F|  |TAMS 0x0000000086a00000| PB 0x0000000086a00000| Untracked 
|  81|0x0000000086b00000, 0x0000000086b00000, 0x0000000086c00000|  0%| F|  |TAMS 0x0000000086b00000| PB 0x0000000086b00000| Untracked 
|  82|0x0000000086c00000, 0x0000000086c00000, 0x0000000086d00000|  0%| F|  |TAMS 0x0000000086c00000| PB 0x0000000086c00000| Untracked 
|  83|0x0000000086d00000, 0x0000000086d00000, 0x0000000086e00000|  0%| F|  |TAMS 0x0000000086d00000| PB 0x0000000086d00000| Untracked 
|  84|0x0000000086e00000, 0x0000000086e00000, 0x0000000086f00000|  0%| F|  |TAMS 0x0000000086e00000| PB 0x0000000086e00000| Untracked 
|  85|0x0000000086f00000, 0x0000000086f00000, 0x0000000087000000|  0%| F|  |TAMS 0x0000000086f00000| PB 0x0000000086f00000| Untracked 
|  86|0x0000000087000000, 0x0000000087000000, 0x0000000087100000|  0%| F|  |TAMS 0x0000000087000000| PB 0x0000000087000000| Untracked 
|  87|0x0000000087100000, 0x0000000087100000, 0x0000000087200000|  0%| F|  |TAMS 0x0000000087100000| PB 0x0000000087100000| Untracked 
|  88|0x0000000087200000, 0x0000000087200000, 0x0000000087300000|  0%| F|  |TAMS 0x0000000087200000| PB 0x0000000087200000| Untracked 
|  89|0x0000000087300000, 0x0000000087300000, 0x0000000087400000|  0%| F|  |TAMS 0x0000000087300000| PB 0x0000000087300000| Untracked 
|  90|0x0000000087400000, 0x0000000087400000, 0x0000000087500000|  0%| F|  |TAMS 0x0000000087400000| PB 0x0000000087400000| Untracked 
|  91|0x0000000087500000, 0x0000000087500000, 0x0000000087600000|  0%| F|  |TAMS 0x0000000087500000| PB 0x0000000087500000| Untracked 
|  92|0x0000000087600000, 0x0000000087600000, 0x0000000087700000|  0%| F|  |TAMS 0x0000000087600000| PB 0x0000000087600000| Untracked 
|  93|0x0000000087700000, 0x0000000087700000, 0x0000000087800000|  0%| F|  |TAMS 0x0000000087700000| PB 0x0000000087700000| Untracked 
|  94|0x0000000087800000, 0x0000000087800000, 0x0000000087900000|  0%| F|  |TAMS 0x0000000087800000| PB 0x0000000087800000| Untracked 
|  95|0x0000000087900000, 0x0000000087900000, 0x0000000087a00000|  0%| F|  |TAMS 0x0000000087900000| PB 0x0000000087900000| Untracked 
|  96|0x0000000087a00000, 0x0000000087a00000, 0x0000000087b00000|  0%| F|  |TAMS 0x0000000087a00000| PB 0x0000000087a00000| Untracked 
|  97|0x0000000087b00000, 0x0000000087b00000, 0x0000000087c00000|  0%| F|  |TAMS 0x0000000087b00000| PB 0x0000000087b00000| Untracked 
|  98|0x0000000087c00000, 0x0000000087c00000, 0x0000000087d00000|  0%| F|  |TAMS 0x0000000087c00000| PB 0x0000000087c00000| Untracked 
|  99|0x0000000087d00000, 0x0000000087d00000, 0x0000000087e00000|  0%| F|  |TAMS 0x0000000087d00000| PB 0x0000000087d00000| Untracked 
| 100|0x0000000087e00000, 0x0000000087e00000, 0x0000000087f00000|  0%| F|  |TAMS 0x0000000087e00000| PB 0x0000000087e00000| Untracked 
| 101|0x0000000087f00000, 0x0000000087f00000, 0x0000000088000000|  0%| F|  |TAMS 0x0000000087f00000| PB 0x0000000087f00000| Untracked 
| 102|0x0000000088000000, 0x0000000088000000, 0x0000000088100000|  0%| F|  |TAMS 0x0000000088000000| PB 0x0000000088000000| Untracked 
| 103|0x0000000088100000, 0x0000000088100000, 0x0000000088200000|  0%| F|  |TAMS 0x0000000088100000| PB 0x0000000088100000| Untracked 
| 104|0x0000000088200000, 0x0000000088200000, 0x0000000088300000|  0%| F|  |TAMS 0x0000000088200000| PB 0x0000000088200000| Untracked 
| 105|0x0000000088300000, 0x0000000088300000, 0x0000000088400000|  0%| F|  |TAMS 0x0000000088300000| PB 0x0000000088300000| Untracked 
| 106|0x0000000088400000, 0x0000000088400000, 0x0000000088500000|  0%| F|  |TAMS 0x0000000088400000| PB 0x0000000088400000| Untracked 
| 107|0x0000000088500000, 0x0000000088500000, 0x0000000088600000|  0%| F|  |TAMS 0x0000000088500000| PB 0x0000000088500000| Untracked 
| 108|0x0000000088600000, 0x0000000088600000, 0x0000000088700000|  0%| F|  |TAMS 0x0000000088600000| PB 0x0000000088600000| Untracked 
| 109|0x0000000088700000, 0x0000000088700000, 0x0000000088800000|  0%| F|  |TAMS 0x0000000088700000| PB 0x0000000088700000| Untracked 
| 110|0x0000000088800000, 0x0000000088800000, 0x0000000088900000|  0%| F|  |TAMS 0x0000000088800000| PB 0x0000000088800000| Untracked 
| 111|0x0000000088900000, 0x0000000088900000, 0x0000000088a00000|  0%| F|  |TAMS 0x0000000088900000| PB 0x0000000088900000| Untracked 
| 112|0x0000000088a00000, 0x0000000088a00000, 0x0000000088b00000|  0%| F|  |TAMS 0x0000000088a00000| PB 0x0000000088a00000| Untracked 
| 113|0x0000000088b00000, 0x0000000088c00000, 0x0000000088c00000|100%| S|CS|TAMS 0x0000000088b00000| PB 0x0000000088b00000| Complete 
| 114|0x0000000088c00000, 0x0000000088d00000, 0x0000000088d00000|100%| S|CS|TAMS 0x0000000088c00000| PB 0x0000000088c00000| Complete 
| 115|0x0000000088d00000, 0x0000000088d00000, 0x0000000088e00000|  0%| F|  |TAMS 0x0000000088d00000| PB 0x0000000088d00000| Untracked 
| 116|0x0000000088e00000, 0x0000000088e00000, 0x0000000088f00000|  0%| F|  |TAMS 0x0000000088e00000| PB 0x0000000088e00000| Untracked 
| 117|0x0000000088f00000, 0x0000000088f00000, 0x0000000089000000|  0%| F|  |TAMS 0x0000000088f00000| PB 0x0000000088f00000| Untracked 
| 118|0x0000000089000000, 0x0000000089000000, 0x0000000089100000|  0%| F|  |TAMS 0x0000000089000000| PB 0x0000000089000000| Untracked 
| 119|0x0000000089100000, 0x0000000089100000, 0x0000000089200000|  0%| F|  |TAMS 0x0000000089100000| PB 0x0000000089100000| Untracked 
| 120|0x0000000089200000, 0x0000000089200000, 0x0000000089300000|  0%| F|  |TAMS 0x0000000089200000| PB 0x0000000089200000| Untracked 
| 121|0x0000000089300000, 0x0000000089300000, 0x0000000089400000|  0%| F|  |TAMS 0x0000000089300000| PB 0x0000000089300000| Untracked 
| 122|0x0000000089400000, 0x000000008948ef20, 0x0000000089500000| 55%| E|  |TAMS 0x0000000089400000| PB 0x0000000089400000| Complete 
| 123|0x0000000089500000, 0x0000000089600000, 0x0000000089600000|100%| E|CS|TAMS 0x0000000089500000| PB 0x0000000089500000| Complete 
| 124|0x0000000089600000, 0x0000000089700000, 0x0000000089700000|100%| E|CS|TAMS 0x0000000089600000| PB 0x0000000089600000| Complete 
| 125|0x0000000089700000, 0x0000000089800000, 0x0000000089800000|100%| E|CS|TAMS 0x0000000089700000| PB 0x0000000089700000| Complete 
| 126|0x0000000089800000, 0x0000000089900000, 0x0000000089900000|100%| E|CS|TAMS 0x0000000089800000| PB 0x0000000089800000| Complete 
| 127|0x0000000089900000, 0x0000000089a00000, 0x0000000089a00000|100%| E|  |TAMS 0x0000000089900000| PB 0x0000000089900000| Complete 

Card table byte_map: [0x00000150b9480000,0x00000150b9880000] _byte_map_base: 0x00000150b9073000

Marking Bits: (CMBitMap*) 0x00000150abfee200
 Bits: [0x00000150b9880000, 0x00000150bb818000)

Polling page: 0x00000150ac060000

Metaspace:

Usage:
  Non-class:      5.99 MB used.
      Class:    822.07 KB used.
       Both:      6.79 MB used.

Virtual space:
  Non-class space:       64.00 MB reserved,       6.12 MB ( 10%) committed,  1 nodes.
      Class space:        1.00 GB reserved,     896.00 KB ( <1%) committed,  1 nodes.
             Both:        1.06 GB reserved,       7.00 MB ( <1%) committed. 

Chunk freelists:
   Non-Class:  9.73 MB
       Class:  15.06 MB
        Both:  24.80 MB

MaxMetaspaceSize: unlimited
CompressedClassSpaceSize: 1.00 GB
Initial GC threshold: 21.00 MB
Current GC threshold: 21.00 MB
CDS: on
 - commit_granule_bytes: 65536.
 - commit_granule_words: 8192.
 - virtual_space_node_default_size: 8388608.
 - enlarge_chunks_in_place: 1.
 - use_allocation_guard: 0.


Internal statistics:

num_allocs_failed_limit: 0.
num_arena_births: 182.
num_arena_deaths: 0.
num_vsnodes_births: 2.
num_vsnodes_deaths: 0.
num_space_committed: 112.
num_space_uncommitted: 0.
num_chunks_returned_to_freelist: 0.
num_chunks_taken_from_freelist: 257.
num_chunk_merges: 0.
num_chunk_splits: 173.
num_chunks_enlarged: 111.
num_inconsistent_stats: 0.

CodeCache: size=49152Kb used=4315Kb max_used=4315Kb free=44836Kb
 bounds [0x00000150b5bd0000, 0x00000150b6010000, 0x00000150b8bd0000]
 total_blobs=1837 nmethods=1357 adapters=403
 compilation: enabled
              stopped_count=0, restarted_count=0
 full_count=0

Compilation events (20 events):
Event: 11.558 Thread 0x00000150840dc820 nmethod 1345 0x00000150b6001490 code [0x00000150b6001640, 0x00000150b6001720]
Event: 11.558 Thread 0x00000150840dc820 1347       1       java.util.zip.ZipUtils::CENTIM (9 bytes)
Event: 11.558 Thread 0x00000150840dc820 nmethod 1347 0x00000150b6001790 code [0x00000150b6001920, 0x00000150b6001a70]
Event: 11.558 Thread 0x000001508402fc20 nmethod 1346 0x00000150b6001b90 code [0x00000150b6001d60, 0x00000150b6002060]
Event: 11.559 Thread 0x00000150bde8ac40 nmethod 1340 0x00000150b6002190 code [0x00000150b60024a0, 0x00000150b6003520]
Event: 11.561 Thread 0x00000150840dc820 1348       1       java.net.URLStreamHandler::parseURL (1124 bytes)
Event: 11.562 Thread 0x00000150bde8ac40 1349       1       jdk.internal.org.objectweb.asm.Handler::putExceptionTable (63 bytes)
Event: 11.563 Thread 0x00000150bde8ac40 nmethod 1349 0x00000150b6003d90 code [0x00000150b6003f80, 0x00000150b60041b8]
Event: 11.569 Thread 0x000001508402fc20 1350       1       java.util.concurrent.locks.AbstractQueuedSynchronizer::<init> (5 bytes)
Event: 11.569 Thread 0x00000150bde8ac40 1351       1       java.util.concurrent.locks.AbstractOwnableSynchronizer::<init> (5 bytes)
Event: 11.569 Thread 0x000001508402fc20 nmethod 1350 0x00000150b6004410 code [0x00000150b60045a0, 0x00000150b6004668]
Event: 11.569 Thread 0x000001508402fc20 1352       1       java.util.concurrent.locks.ReentrantLock$NonfairSync::<init> (5 bytes)
Event: 11.569 Thread 0x00000150bde8ac40 nmethod 1351 0x00000150b6004710 code [0x00000150b60048a0, 0x00000150b6004968]
Event: 11.570 Thread 0x00000150bde8ac40 1353       1       java.util.concurrent.locks.ReentrantLock$Sync::<init> (5 bytes)
Event: 11.570 Thread 0x000001508402fc20 nmethod 1352 0x00000150b6004a10 code [0x00000150b6004ba0, 0x00000150b6004c68]
Event: 11.570 Thread 0x000001508402fc20 1354       1       java.util.concurrent.locks.ReentrantLock::<init> (16 bytes)
Event: 11.570 Thread 0x00000150bde8ac40 nmethod 1353 0x00000150b6004d10 code [0x00000150b6004ea0, 0x00000150b6004f68]
Event: 11.570 Thread 0x00000150bde8ac40 1355       1       java.lang.String::<init> (10 bytes)
Event: 11.570 Thread 0x000001508402fc20 nmethod 1354 0x00000150b6005010 code [0x00000150b60051a0, 0x00000150b6005318]
Event: 11.570 Thread 0x000001508402fc20 1356       1       sun.net.www.protocol.jar.Handler::checkNestedProtocol (18 bytes)

GC Heap History (2 events):
Event: 11.304 GC heap before
{Heap before GC invocations=0 (full 0):
 garbage-first heap   total 131072K, used 12288K [0x0000000081a00000, 0x0000000100000000)
  region size 1024K, 13 young (13312K), 0 survivors (0K)
 Metaspace       used 4519K, committed 4736K, reserved 1114112K
  class space    used 528K, committed 640K, reserved 1048576K
}
Event: 11.311 GC heap after
{Heap after GC invocations=1 (full 0):
 garbage-first heap   total 131072K, used 4394K [0x0000000081a00000, 0x0000000100000000)
  region size 1024K, 2 young (2048K), 2 survivors (2048K)
 Metaspace       used 4519K, committed 4736K, reserved 1114112K
  class space    used 528K, committed 640K, reserved 1048576K
}

Dll operation events (11 events):
Event: 0.054 Loaded shared library C:\Program Files\Java\jdk-21\bin\java.dll
Event: 0.267 Loaded shared library C:\Program Files\Java\jdk-21\bin\zip.dll
Event: 0.275 Loaded shared library C:\Program Files\Java\jdk-21\bin\instrument.dll
Event: 0.287 Loaded shared library C:\Program Files\Java\jdk-21\bin\net.dll
Event: 0.290 Loaded shared library C:\Program Files\Java\jdk-21\bin\nio.dll
Event: 0.299 Loaded shared library C:\Program Files\Java\jdk-21\bin\zip.dll
Event: 1.812 Loaded shared library C:\Program Files\Java\jdk-21\bin\jimage.dll
Event: 10.934 Loaded shared library C:\Users\Israel\Downloads\ideaIU-2023.2.win\bin\breakgen64.dll
Event: 10.951 Loaded shared library C:\Program Files\Java\jdk-21\bin\extnet.dll
Event: 10.966 Loaded shared library C:\Program Files\Java\jdk-21\bin\management.dll
Event: 10.985 Loaded shared library C:\Program Files\Java\jdk-21\bin\management_ext.dll

Deoptimization events (0 events):
No events

Classes loaded (20 events):
Event: 11.539 Loading class java/nio/file/NoSuchFileException
Event: 11.539 Loading class java/nio/file/FileSystemException
Event: 11.539 Loading class java/nio/file/FileSystemException done
Event: 11.539 Loading class java/nio/file/NoSuchFileException done
Event: 11.539 Loading class java/io/UncheckedIOException
Event: 11.539 Loading class java/io/UncheckedIOException done
Event: 11.542 Loading class java/net/HttpURLConnection
Event: 11.542 Loading class java/net/HttpURLConnection done
Event: 11.546 Loading class java/net/URLDecoder
Event: 11.547 Loading class java/net/URLDecoder done
Event: 11.553 Loading class java/util/stream/DistinctOps
Event: 11.553 Loading class java/util/stream/DistinctOps done
Event: 11.553 Loading class java/util/stream/DistinctOps$1
Event: 11.553 Loading class java/util/stream/ReferencePipeline$StatefulOp
Event: 11.553 Loading class java/util/stream/ReferencePipeline$StatefulOp done
Event: 11.553 Loading class java/util/stream/DistinctOps$1 done
Event: 11.553 Loading class java/util/stream/DistinctOps$1$2
Event: 11.554 Loading class java/util/stream/DistinctOps$1$2 done
Event: 11.567 Loading class java/lang/reflect/UndeclaredThrowableException
Event: 11.567 Loading class java/lang/reflect/UndeclaredThrowableException done

Classes unloaded (0 events):
No events

Classes redefined (0 events):
No events

Internal exceptions (20 events):
Event: 10.908 Thread 0x00000150abe47bf0 Exception <a 'java/lang/NoSuchMethodError'{0x00000000896e7db8}: 'java.lang.Object java.lang.invoke.Invokers$Holder.invokeExact_MT(java.lang.Object, java.lang.Object, java.lang.Object, java.lang.Object, java.lang.Object)'> (0x00000000896e7db8) 
thrown [s\open\src\hotspot\share\interpreter\linkResolver.cpp, line 773]
Event: 10.919 Thread 0x00000150bde858e0 Exception <a 'java/lang/NoSuchMethodError'{0x00000000894df2a8}: 'java.lang.Object java.lang.invoke.Invokers$Holder.invokeExact_MT(java.lang.Object, java.lang.Object, java.lang.Object, java.lang.Object, java.lang.Object, java.lang.Object)'> (0x00000000894df2a8) 
thrown [s\open\src\hotspot\share\interpreter\linkResolver.cpp, line 773]
Event: 10.953 Thread 0x00000150ff3a73c0 Exception <a 'java/lang/NoSuchMethodError'{0x0000000089343a28}: 'void java.lang.invoke.DirectMethodHandle$Holder.invokeStatic(java.lang.Object, java.lang.Object)'> (0x0000000089343a28) 
thrown [s\open\src\hotspot\share\interpreter\linkResolver.cpp, line 773]
Event: 10.989 Thread 0x00000150abe47bf0 Exception <a 'java/lang/NoSuchMethodError'{0x0000000089326378}: 'int java.lang.invoke.DirectMethodHandle$Holder.invokeInterface(java.lang.Object, java.lang.Object)'> (0x0000000089326378) 
thrown [s\open\src\hotspot\share\interpreter\linkResolver.cpp, line 773]
Event: 10.990 Thread 0x00000150abe47bf0 Exception <a 'java/lang/IncompatibleClassChangeError'{0x0000000089329578}: Found class java.lang.Object, but interface was expected> (0x0000000089329578) 
thrown [s\open\src\hotspot\share\interpreter\linkResolver.cpp, line 840]
Event: 11.051 Thread 0x00000150abe47bf0 Exception <a 'java/lang/NoSuchMethodError'{0x0000000089231e20}: 'int java.lang.invoke.DirectMethodHandle$Holder.invokeSpecial(java.lang.Object, java.lang.Object, java.lang.Object)'> (0x0000000089231e20) 
thrown [s\open\src\hotspot\share\interpreter\linkResolver.cpp, line 773]
Event: 11.112 Thread 0x00000150abe47bf0 Exception <a 'java/lang/NoSuchMethodError'{0x00000000891b72a0}: 'java.lang.Object java.lang.invoke.DirectMethodHandle$Holder.invokeStaticInit(java.lang.Object, java.lang.Object, java.lang.Object)'> (0x00000000891b72a0) 
thrown [s\open\src\hotspot\share\interpreter\linkResolver.cpp, line 773]
Event: 11.212 Thread 0x00000150abe47bf0 Exception <a 'java/lang/NoSuchMethodError'{0x0000000088eb57b8}: 'int java.lang.invoke.DirectMethodHandle$Holder.invokeSpecialIFC(java.lang.Object, java.lang.Object, java.lang.Object)'> (0x0000000088eb57b8) 
thrown [s\open\src\hotspot\share\interpreter\linkResolver.cpp, line 773]
Event: 11.263 Thread 0x00000150abe47bf0 Exception <a 'java/lang/NoSuchMethodError'{0x0000000088d26d78}: 'java.lang.Object java.lang.invoke.DirectMethodHandle$Holder.invokeStaticInit(java.lang.Object, int, int, int, int)'> (0x0000000088d26d78) 
thrown [s\open\src\hotspot\share\interpreter\linkResolver.cpp, line 773]
Event: 11.287 Thread 0x00000150abe47bf0 Exception <a 'java/lang/NoSuchMethodError'{0x0000000088ded6d0}: 'java.lang.Object java.lang.invoke.DirectMethodHandle$Holder.invokeStaticInit(java.lang.Object, java.lang.Object, int, int, int, int)'> (0x0000000088ded6d0) 
thrown [s\open\src\hotspot\share\interpreter\linkResolver.cpp, line 773]
Event: 11.319 Thread 0x00000150abe47bf0 Exception <a 'java/lang/ClassNotFoundException'{0x0000000089942648}: javax/management/remote/rmi/RMIServerImpl_Skel> (0x0000000089942648) 
thrown [s\open\src\hotspot\share\classfile\systemDictionary.cpp, line 312]
Event: 11.337 Thread 0x00000150abe47bf0 Exception <a 'java/lang/NoSuchMethodError'{0x000000008995d8f0}: 'long java.lang.invoke.DirectMethodHandle$Holder.invokeSpecial(java.lang.Object, java.lang.Object)'> (0x000000008995d8f0) 
thrown [s\open\src\hotspot\share\interpreter\linkResolver.cpp, line 773]
Event: 11.337 Thread 0x00000150abe47bf0 Exception <a 'java/lang/NoSuchMethodError'{0x0000000089960fb8}: 'long java.lang.invoke.Invokers$Holder.invokeExact_MT(java.lang.Object, java.lang.Object)'> (0x0000000089960fb8) 
thrown [s\open\src\hotspot\share\interpreter\linkResolver.cpp, line 773]
Event: 11.351 Thread 0x00000150abe47bf0 Exception <a 'java/lang/NoSuchMethodError'{0x00000000899a4938}: 'void java.lang.invoke.DirectMethodHandle$Holder.invokeSpecial(java.lang.Object, java.lang.Object, java.lang.Object)'> (0x00000000899a4938) 
thrown [s\open\src\hotspot\share\interpreter\linkResolver.cpp, line 773]
Event: 11.446 Thread 0x00000150abe47bf0 Exception <a 'java/lang/ClassNotFoundException'{0x00000000897a1f30}: javax/smartcardio/CardPermission> (0x00000000897a1f30) 
thrown [s\open\src\hotspot\share\classfile\systemDictionary.cpp, line 312]
Event: 11.452 Thread 0x00000150abe47bf0 Exception <a 'java/io/FileNotFoundException'{0x00000000897b0738}> (0x00000000897b0738) 
thrown [s\open\src\hotspot\share\prims\jni.cpp, line 520]
Event: 11.475 Thread 0x00000150abe47bf0 Exception <a 'java/lang/NoSuchMethodError'{0x0000000089622970}: 'java.lang.Object java.lang.invoke.DirectMethodHandle$Holder.invokeSpecial(java.lang.Object, java.lang.Object, java.lang.Object, long, java.lang.Object)'> (0x0000000089622970) 
thrown [s\open\src\hotspot\share\interpreter\linkResolver.cpp, line 773]
Event: 11.476 Thread 0x00000150abe47bf0 Exception <a 'java/lang/NoSuchMethodError'{0x00000000896262c0}: 'java.lang.Object java.lang.invoke.Invokers$Holder.linkToTargetMethod(java.lang.Object, long, java.lang.Object, java.lang.Object)'> (0x00000000896262c0) 
thrown [s\open\src\hotspot\share\interpreter\linkResolver.cpp, line 773]
Event: 11.527 Thread 0x00000150abe47bf0 Exception <a 'java/lang/NoSuchMethodError'{0x000000008957b030}: 'void java.lang.invoke.DirectMethodHandle$Holder.invokeStatic(java.lang.Object, java.lang.Object, java.lang.Object, java.lang.Object)'> (0x000000008957b030) 
thrown [s\open\src\hotspot\share\interpreter\linkResolver.cpp, line 773]
Event: 11.568 Thread 0x00000150abe47bf0 Exception <a 'java/lang/NoSuchMethodError'{0x0000000089474068}: 'int java.lang.invoke.DirectMethodHandle$Holder.invokeStaticInit(java.lang.Object, java.lang.Object)'> (0x0000000089474068) 
thrown [s\open\src\hotspot\share\interpreter\linkResolver.cpp, line 773]

ZGC Phase Switch (0 events):
No events

VM Operations (20 events):
Event: 1.828 Executing VM operation: HandshakeAllThreads (Deoptimize)
Event: 1.828 Executing VM operation: HandshakeAllThreads (Deoptimize) done
Event: 2.831 Executing VM operation: Cleanup
Event: 2.831 Executing VM operation: Cleanup done
Event: 7.870 Executing VM operation: Cleanup
Event: 7.870 Executing VM operation: Cleanup done
Event: 10.976 Executing VM operation: HandshakeAllThreads (Deoptimize)
Event: 10.976 Executing VM operation: HandshakeAllThreads (Deoptimize) done
Event: 10.976 Executing VM operation: Cleanup
Event: 10.976 Executing VM operation: Cleanup done
Event: 11.232 Executing VM operation: HandshakeAllThreads (Deoptimize)
Event: 11.232 Executing VM operation: HandshakeAllThreads (Deoptimize) done
Event: 11.302 Executing VM operation: G1CollectForAllocation (G1 Evacuation Pause)
Event: 11.311 Executing VM operation: G1CollectForAllocation (G1 Evacuation Pause) done
Event: 11.316 Executing VM operation: HandshakeAllThreads (Deoptimize)
Event: 11.316 Executing VM operation: HandshakeAllThreads (Deoptimize) done
Event: 11.318 Executing VM operation: HandshakeAllThreads (Deoptimize)
Event: 11.318 Executing VM operation: HandshakeAllThreads (Deoptimize) done
Event: 11.404 Executing VM operation: HandshakeAllThreads (Deoptimize)
Event: 11.404 Executing VM operation: HandshakeAllThreads (Deoptimize) done

Events (18 events):
Event: 0.079 Thread 0x00000150abe47bf0 Thread added: 0x00000150abe47bf0
Event: 0.103 Thread 0x00000150bde82410 Thread added: 0x00000150bde82410
Event: 0.103 Thread 0x00000150bde82d40 Thread added: 0x00000150bde82d40
Event: 0.103 Thread 0x00000150bde83e80 Thread added: 0x00000150bde83e80
Event: 0.104 Thread 0x00000150bde858e0 Thread added: 0x00000150bde858e0
Event: 0.104 Thread 0x00000150bde85f50 Thread added: 0x00000150bde85f50
Event: 0.104 Thread 0x00000150bde8a5d0 Thread added: 0x00000150bde8a5d0
Event: 0.104 Thread 0x00000150bde8ac40 Thread added: 0x00000150bde8ac40
Event: 0.218 Thread 0x00000150ff0cca80 Thread added: 0x00000150ff0cca80
Event: 0.233 Thread 0x00000150ff0d6370 Thread added: 0x00000150ff0d6370
Event: 1.796 Thread 0x00000150ff158fa0 Thread added: 0x00000150ff158fa0
Event: 2.742 Thread 0x00000150ff158fa0 Thread exited: 0x00000150ff158fa0
Event: 5.286 Thread 0x00000150ff0d6370 Thread exited: 0x00000150ff0d6370
Event: 10.935 Thread 0x00000150ff3a73c0 Thread added: 0x00000150ff3a73c0
Event: 10.935 Thread 0x00000150ff3a7a30 Thread added: 0x00000150ff3a7a30
Event: 11.033 Thread 0x000001508402fc20 Thread added: 0x000001508402fc20
Event: 11.161 Thread 0x00000150840dc820 Thread added: 0x00000150840dc820
Event: 11.329 Thread 0x00000150ff158390 Thread added: 0x00000150ff158390


Dynamic libraries:
0x00007ff6715e0000 - 0x00007ff6715f0000 	C:\Program Files\Java\jdk-21\bin\java.exe
0x00007ffdff350000 - 0x00007ffdff547000 	C:\Windows\SYSTEM32\ntdll.dll
0x00007ffdcfb30000 - 0x00007ffdcfb49000 	C:\Program Files\Avast Software\Avast\aswhook.dll
0x00007ffdfe7e0000 - 0x00007ffdfe89d000 	C:\Windows\System32\KERNEL32.DLL
0x00007ffdfcd40000 - 0x00007ffdfd036000 	C:\Windows\System32\KERNELBASE.dll
0x00007ffdfcae0000 - 0x00007ffdfcbe0000 	C:\Windows\System32\ucrtbase.dll
0x00007ffdf6c80000 - 0x00007ffdf6c9b000 	C:\Program Files\Java\jdk-21\bin\VCRUNTIME140.dll
0x00007ffdf3880000 - 0x00007ffdf3899000 	C:\Program Files\Java\jdk-21\bin\jli.dll
0x00007ffdfdba0000 - 0x00007ffdfdc4e000 	C:\Windows\System32\ADVAPI32.dll
0x00007ffdfdf60000 - 0x00007ffdfdffe000 	C:\Windows\System32\msvcrt.dll
0x00007ffdfe530000 - 0x00007ffdfe5cc000 	C:\Windows\System32\sechost.dll
0x00007ffdfe8a0000 - 0x00007ffdfe9c6000 	C:\Windows\System32\RPCRT4.dll
0x00007ffdfd8e0000 - 0x00007ffdfda7e000 	C:\Windows\System32\USER32.dll
0x00007ffddea10000 - 0x00007ffddecaa000 	C:\Windows\WinSxS\amd64_microsoft.windows.common-controls_6595b64144ccf1df_6.0.19041.3570_none_60bb2a3971f3e41a\COMCTL32.dll
0x00007ffdfd380000 - 0x00007ffdfd3a2000 	C:\Windows\System32\win32u.dll
0x00007ffdfd8b0000 - 0x00007ffdfd8dc000 	C:\Windows\System32\GDI32.dll
0x00007ffdfd1d0000 - 0x00007ffdfd2ea000 	C:\Windows\System32\gdi32full.dll
0x00007ffdfd0e0000 - 0x00007ffdfd17d000 	C:\Windows\System32\msvcp_win.dll
0x00007ffdf61b0000 - 0x00007ffdf61ba000 	C:\Windows\SYSTEM32\VERSION.dll
0x00007ffdff2e0000 - 0x00007ffdff310000 	C:\Windows\System32\IMM32.DLL
0x00007ffdf79e0000 - 0x00007ffdf79ec000 	C:\Program Files\Java\jdk-21\bin\vcruntime140_1.dll
0x00007ffdbe330000 - 0x00007ffdbe3be000 	C:\Program Files\Java\jdk-21\bin\msvcp140.dll
0x00007ffdb8ee0000 - 0x00007ffdb9bf7000 	C:\Program Files\Java\jdk-21\bin\server\jvm.dll
0x00007ffdfdef0000 - 0x00007ffdfdf5b000 	C:\Windows\System32\WS2_32.dll
0x00007ffdfc890000 - 0x00007ffdfc8db000 	C:\Windows\SYSTEM32\POWRPROF.dll
0x00007ffdd21c0000 - 0x00007ffdd21e7000 	C:\Windows\SYSTEM32\WINMM.dll
0x00007ffdfc870000 - 0x00007ffdfc882000 	C:\Windows\SYSTEM32\UMPDC.dll
0x00007ffdfa8d0000 - 0x00007ffdfa8e2000 	C:\Windows\SYSTEM32\kernel.appcore.dll
0x00007ffdf7960000 - 0x00007ffdf796a000 	C:\Program Files\Java\jdk-21\bin\jimage.dll
0x00007ffdf2f70000 - 0x00007ffdf3154000 	C:\Windows\SYSTEM32\DBGHELP.DLL
0x00007ffdf2f30000 - 0x00007ffdf2f64000 	C:\Windows\SYSTEM32\dbgcore.DLL
0x00007ffdfd2f0000 - 0x00007ffdfd372000 	C:\Windows\System32\bcryptPrimitives.dll
0x00007ffdf9640000 - 0x00007ffdf964f000 	C:\Program Files\Java\jdk-21\bin\instrument.dll
0x00007ffdf3860000 - 0x00007ffdf387f000 	C:\Program Files\Java\jdk-21\bin\java.dll
0x00007ffdfeb90000 - 0x00007ffdff2d4000 	C:\Windows\System32\SHELL32.dll
0x00007ffdfaad0000 - 0x00007ffdfb26b000 	C:\Windows\SYSTEM32\windows.storage.dll
0x00007ffdfd4e0000 - 0x00007ffdfd834000 	C:\Windows\System32\combase.dll
0x00007ffdfc3a0000 - 0x00007ffdfc3cd000 	C:\Windows\SYSTEM32\Wldp.dll
0x00007ffdfe010000 - 0x00007ffdfe0bd000 	C:\Windows\System32\SHCORE.dll
0x00007ffdfea80000 - 0x00007ffdfead5000 	C:\Windows\System32\shlwapi.dll
0x00007ffdfc960000 - 0x00007ffdfc985000 	C:\Windows\SYSTEM32\profapi.dll
0x00007ffde6110000 - 0x00007ffde6128000 	C:\Program Files\Java\jdk-21\bin\zip.dll
0x00007ffdf6c70000 - 0x00007ffdf6c80000 	C:\Program Files\Java\jdk-21\bin\net.dll
0x00007ffdf35d0000 - 0x00007ffdf36da000 	C:\Windows\SYSTEM32\WINHTTP.dll
0x00007ffdfc100000 - 0x00007ffdfc16a000 	C:\Windows\system32\mswsock.dll
0x00007ffdf3840000 - 0x00007ffdf3856000 	C:\Program Files\Java\jdk-21\bin\nio.dll
0x00007ffdf72d0000 - 0x00007ffdf72ea000 	C:\Users\Israel\Downloads\ideaIU-2023.2.win\bin\breakgen64.dll
0x00007ffdfbe30000 - 0x00007ffdfbefa000 	C:\Windows\SYSTEM32\DNSAPI.dll
0x00007ffdfbdf0000 - 0x00007ffdfbe2b000 	C:\Windows\SYSTEM32\IPHLPAPI.DLL
0x00007ffdfde00000 - 0x00007ffdfde08000 	C:\Windows\System32\NSI.dll
0x00007ffdf8380000 - 0x00007ffdf8389000 	C:\Program Files\Java\jdk-21\bin\extnet.dll
0x0000000059610000 - 0x0000000059636000 	C:\Program Files\Bonjour\mdnsNSP.dll
0x00007ffdeac10000 - 0x00007ffdeac1a000 	C:\Windows\System32\rasadhlp.dll
0x00007ffde91d0000 - 0x00007ffde9252000 	C:\Windows\System32\fwpuclnt.dll
0x00007ffdfd040000 - 0x00007ffdfd067000 	C:\Windows\System32\bcrypt.dll
0x00007ffdf9630000 - 0x00007ffdf963a000 	C:\Program Files\Java\jdk-21\bin\management.dll
0x00007ffdf8690000 - 0x00007ffdf869b000 	C:\Program Files\Java\jdk-21\bin\management_ext.dll
0x00007ffdfd8a0000 - 0x00007ffdfd8a8000 	C:\Windows\System32\PSAPI.DLL
0x00007ffdfc300000 - 0x00007ffdfc318000 	C:\Windows\SYSTEM32\CRYPTSP.dll
0x00007ffdfba10000 - 0x00007ffdfba44000 	C:\Windows\system32\rsaenh.dll
0x00007ffdfc920000 - 0x00007ffdfc94e000 	C:\Windows\SYSTEM32\USERENV.dll
0x00007ffdfc2f0000 - 0x00007ffdfc2fc000 	C:\Windows\SYSTEM32\CRYPTBASE.dll
0x00007ffdd5050000 - 0x00007ffdd5067000 	C:\Windows\system32\napinsp.dll
0x00007ffdd5030000 - 0x00007ffdd504b000 	C:\Windows\system32\pnrpnsp.dll
0x00007ffdf53a0000 - 0x00007ffdf53b5000 	C:\Windows\system32\wshbth.dll
0x00007ffdf8190000 - 0x00007ffdf81ad000 	C:\Windows\system32\NLAapi.dll
0x00007ffdd5010000 - 0x00007ffdd5022000 	C:\Windows\System32\winrnr.dll

dbghelp: loaded successfully - version: 4.0.5 - missing functions: none
symbol engine: initialized successfully - sym options: 0x614 - pdb path: .;C:\Program Files\Java\jdk-21\bin;C:\Windows\SYSTEM32;C:\Program Files\Avast Software\Avast;C:\Windows\WinSxS\amd64_microsoft.windows.common-controls_6595b64144ccf1df_6.0.19041.3570_none_60bb2a3971f3e41a;C:\Program Files\Java\jdk-21\bin\server;C:\Users\Israel\Downloads\ideaIU-2023.2.win\bin;C:\Program Files\Bonjour

VM Arguments:
jvm_args: -XX:TieredStopAtLevel=1 -Dspring.output.ansi.enabled=always -Dcom.sun.management.jmxremote -Dspring.jmx.enabled=true -Dspring.liveBeansView.mbeanDomain -Dspring.application.admin.enabled=true -Dmanagement.endpoints.jmx.exposure.include=* -javaagent:C:\Users\Israel\Downloads\ideaIU-2023.2.win\lib\idea_rt.jar=50439:C:\Users\Israel\Downloads\ideaIU-2023.2.win\bin -Dfile.encoding=UTF-8 -Dsun.stdout.encoding=UTF-8 -Dsun.stderr.encoding=UTF-8 
java_command: com.example.ConnectingFrontEnd.ConnectingFrontEnd.main
java_class_path (initial): C:\Users\Israel\IdeaProjects\ConnectingFrontEnd\target\classes;C:\Users\Israel\.m2\repository\org\springframework\boot\spring-boot-starter-web\3.2.0\spring-boot-starter-web-3.2.0.jar;C:\Users\Israel\.m2\repository\org\springframework\boot\spring-boot-starter\3.2.2\spring-boot-starter-3.2.2.jar;C:\Users\Israel\.m2\repository\org\springframework\boot\spring-boot\3.2.2\spring-boot-3.2.2.jar;C:\Users\Israel\.m2\repository\org\springframework\boot\spring-boot-autoconfigure\3.2.2\spring-boot-autoconfigure-3.2.2.jar;C:\Users\Israel\.m2\repository\org\springframework\boot\spring-boot-starter-logging\3.2.2\spring-boot-starter-logging-3.2.2.jar;C:\Users\Israel\.m2\repository\ch\qos\logback\logback-classic\1.4.14\logback-classic-1.4.14.jar;C:\Users\Israel\.m2\repository\ch\qos\logback\logback-core\1.4.14\logback-core-1.4.14.jar;C:\Users\Israel\.m2\repository\org\apache\logging\log4j\log4j-to-slf4j\2.21.1\log4j-to-slf4j-2.21.1.jar;C:\Users\Israel\.m2\repository\org\apache\logging\log4j\log4j-api\2.21.1\log4j-api-2.21.1.jar;C:\Users\Israel\.m2\repository\org\slf4j\jul-to-slf4j\2.0.11\jul-to-slf4j-2.0.11.jar;C:\Users\Israel\.m2\repository\jakarta\annotation\jakarta.annotation-api\2.1.1\jakarta.annotation-api-2.1.1.jar;C:\Users\Israel\.m2\repository\org\yaml\snakeyaml\2.2\snakeyaml-2.2.jar;C:\Users\Israel\.m2\repository\org\springframework\boot\spring-boot-starter-json\3.2.2\spring-boot-starter-json-3.2.2.jar;C:\Users\Israel\.m2\repository\com\fasterxml\jackson\core\jackson-databind\2.15.3\jackson-databind-2.15.3.jar;C:\Users\Israel\.m2\repository\com\fasterxml\jackson\core\jackson-annotations\2.15.3\jackson-annotations-2.15.3.jar;C:\Users\Israel\.m2\repository\com\fasterxml\jackson\core\jackson-core\2.15.3\jackson-core-2.15.3.jar;C:\Users\Israel\.m2\repository\com\fasterxml\jackson\datatype\jackson-datatype-jdk8\2.15.3\jackson-datatype-jdk8-2.15.3.jar;C:\Users\Israel\.m2\repository\com\fasterxml\jackson\datatype\jackson-datatype-jsr310\2.15.3\jackson-datatype-jsr310-2.15.3.jar;C:\Users\Israel\.m2\repository\com\fasterxml\jackson\module\jackson-module-parameter-names\2.15.3\jackson-module-parameter-names-2.15.3.jar;C:\Users\Israel\.m2\repository\org\springframework\boot\spring-boot-starter-tomcat\3.2.2\spring-boot-starter-tomcat-3.2.2.jar;C:\Users\Israel\.m2\repository\org\apache\tomcat\embed\tomcat-embed-core\10.1.18\tomcat-embed-core-10.1.18.jar;C:\Users\Israel\.m2\repository\org\apache\tomcat\embed\tomcat-embed-el\10.1.18\tomcat-embed-el-10.1.18.jar;C:\Users\Israel\.m2\repository\org\apache\tomcat\embed\tomcat-embed-websocket\10.1.18\tomcat-embed-websocket-10.1.18.jar;C:\Users\Israel\.m2\repository\org\springframework\spring-web\6.1.3\spring-web-6.1.3.jar;C:\Users\Israel\.m2\repository\org\springframework\spring-beans\6.1.3\spring-beans-6.1.3.jar;C:\Users\Israel\.m2\repository\io\micrometer\micrometer-observation\1.12.2\micrometer-observation-1.12.2.jar;C:\Users\Israel\.m2\repository\io\micrometer\micrometer-commons\1.12.2\micrometer-commons-1.12.2.jar;C:\Users\Israel\.m2\repository\org\springframework\spring-webmvc\6.1.3\spring-webmvc-6.1.3.jar;C:\Users\Israel\.m2\repository\org\springframework\spring-aop\6.1.3\spring-aop-6.1.3.jar;C:\Users\Israel\.m2\repository\org\springframework\spring-context\6.1.3\spring-context-6.1.3.jar;C:\Users\Israel\.m2\repository\org\springframework\spring-expression\6.1.3\spring-expression-6.1.3.jar;C:\Users\Israel\.m2\repository\org\projectlombok\lombok\1.18.30\lombok-1.18.30.jar;C:\Users\Israel\.m2\repository\org\slf4j\slf4j-api\2.0.11\slf4j-api-2.0.11.jar;C:\Users\Israel\.m2\repository\org\springframework\spring-core\6.1.3\spring-core-6.1.3.jar;C:\Users\Israel\.m2\repository\org\springframework\spring-jcl\6.1.3\spring-jcl-6.1.3.jar;C:\Users\Israel\.m2\repository\com\fasterxml\classmate\1.6.0\classmate-1.6.0.jar;C:\Users\Israel\.m2\repository\javax\servlet\javax.servlet-api\4.0.1\javax.servlet-api-4.0.1.jar
Launcher Type: SUN_STANDARD

[Global flags]
     intx CICompilerCount                          = 3                                         {product} {ergonomic}
     uint ConcGCThreads                            = 1                                         {product} {ergonomic}
     uint G1ConcRefinementThreads                  = 4                                         {product} {ergonomic}
   size_t G1HeapRegionSize                         = 1048576                                   {product} {ergonomic}
    uintx GCDrainStackTargetSize                   = 64                                        {product} {ergonomic}
   size_t InitialHeapSize                          = 134217728                                 {product} {ergonomic}
     bool ManagementServer                         = true                                      {product} {command line}
   size_t MarkStackSize                            = 4194304                                   {product} {ergonomic}
   size_t MaxHeapSize                              = 2120220672                                {product} {ergonomic}
   size_t MaxNewSize                               = 1271922688                                {product} {ergonomic}
   size_t MinHeapDeltaBytes                        = 1048576                                   {product} {ergonomic}
   size_t MinHeapSize                              = 8388608                                   {product} {ergonomic}
    uintx NonNMethodCodeHeapSize                   = 4096                                   {pd product} {ergonomic}
    uintx NonProfiledCodeHeapSize                  = 0                                      {pd product} {ergonomic}
     bool ProfileInterpreter                       = false                                  {pd product} {command line}
    uintx ProfiledCodeHeapSize                     = 0                                      {pd product} {ergonomic}
   size_t SoftMaxHeapSize                          = 2120220672                             {manageable} {ergonomic}
     intx TieredStopAtLevel                        = 1                                         {product} {command line}
     bool UseCompressedOops                        = true                           {product lp64_product} {ergonomic}
     bool UseG1GC                                  = true                                      {product} {ergonomic}
     bool UseLargePagesIndividualAllocation        = false                                  {pd product} {ergonomic}

Logging:
Log output configuration:
 #0: stdout all=warning uptime,level,tags foldmultilines=false
 #1: stderr all=off uptime,level,tags foldmultilines=false

Environment Variables:
PATH=C:\Python312\Scripts\;C:\Python312\;C:\Program Files\Microsoft\jdk-11.0.16.101-hotspot\bin;C:\Program Files\Common Files\Oracle\Java\javapath;C:\Windows\system32;C:\Windows;C:\Windows\System32\Wbem;C:\Windows\System32\WindowsPowerShell\v1.0\;C:\Windows\System32\OpenSSH\;C:\Program Files\Git\cmd;C:\Program Files\dotnet\;C:\Program Files\Microsoft SQL Server\150\Tools\Binn\;C:\Program Files\Microsoft SQL Server\Client SDK\ODBC\170\Tools\Binn\;C:\Program Files (x86)\Windows Kits\10\Windows Performance Toolkit\;C:\Program Files\nodejs\;C:\ProgramData\chocolatey\bin;C:\Users\Israel\apache-maven-3.9.6-src;C:\Users\Israel\AppData\Local\Programs\Python\Python311\Scripts\;C:\Users\Israel\AppData\Local\Programs\Python\Python311\;C:\Users\Israel\AppData\Local\Microsoft\WindowsApps;C:\Users\Israel\.dotnet\tools;C:\Users\Israel\AppData\Local\Programs\Microsoft VS Code\bin;C:\msys64\mingw64\bin;C:\Users\Israel\AppData\Roaming\npm;C:\Program Files\JetBrains\GoLand 2023.3.4\bin;
USERNAME=Israel
OS=Windows_NT
PROCESSOR_IDENTIFIER=Intel64 Family 6 Model 78 Stepping 3, GenuineIntel
TMP=C:\Users\Israel\AppData\Local\Temp
TEMP=C:\Users\Israel\AppData\Local\Temp




Periodic native trim disabled

---------------  S Y S T E M  ---------------

OS:
 Windows 10 , 64 bit Build 19041 (10.0.19041.3570)
OS uptime: 0 days 2:15 hours

CPU: total 4 (initial active 4) (2 cores per cpu, 2 threads per core) family 6 model 78 stepping 3 microcode 0xcc, cx8, cmov, fxsr, ht, mmx, 3dnowpref, sse, sse2, sse3, ssse3, sse4.1, sse4.2, popcnt, lzcnt, tsc, tscinvbit, avx, avx2, aes, erms, clmul, bmi1, bmi2, rtm, adx, fma, vzeroupper, clflush, clflushopt, rdtscp, f16c
Processor Information for processor 0
  Max Mhz: 2501, Current Mhz: 1500, Mhz Limit: 2501
Processor Information for processor 1
  Max Mhz: 2501, Current Mhz: 2501, Mhz Limit: 2501
Processor Information for processor 2
  Max Mhz: 2501, Current Mhz: 1500, Mhz Limit: 2501
Processor Information for processor 3
  Max Mhz: 2501, Current Mhz: 1500, Mhz Limit: 2501

Memory: 4k page, system-wide physical 8083M (521M free)
TotalPageFile size 11035M (AvailPageFile size 1M)
current process WorkingSet (physical memory assigned to process): 68M, peak: 68M
current process commit charge ("private bytes"): 212M, peak: 212M

vm_info: Java HotSpot(TM) 64-Bit Server VM (21.0.2+13-LTS-58) for windows-amd64 JRE (21.0.2+13-LTS-58), built on 2024-01-05T18:32:24Z by "mach5one" with MS VC++ 17.1 (VS2022)

END.
